<?xml version="1.0" encoding="UTF-8"?>
<!-- Generated by org.testng.reporters.JUnitXMLReporter -->
<testsuite hostname="bhaskar-itwine-PC" ignored="0" name="Default test" tests="1" failures="1" timestamp="28 Jun 2018 05:59:14 GMT" time="54.08" errors="0">
  <testcase name="Y2T" time="53.966" classname="maven.yes2treatment">
    <failure type="org.openqa.selenium.WebDriverException" message="Failed to connect to binary FirefoxBinary(C:\Program Files (x86)\Mozilla Firefox\firefox.exe) on port 7055; process output follows: 
65508814	addons.xpi	DEBUG	Loading bootstrap scope from C:\Program Files (x86)\Mozilla Firefox\browser\features\firefox@getpocket.com.xpi
1530165508823	addons.xpi	DEBUG	Calling bootstrap method startup on firefox@getpocket.com version 1.0.2
1530165508836	addons.xpi-utils	DEBUG	Starting async load of XPI database C:\Users\ITWINE~1\AppData\Local\Temp\anonymous7498131259743372708webdriver-profile\extensions.json
1530165508837	addons.xpi	DEBUG	Registering manifest for C:\Program Files (x86)\Mozilla Firefox\browser\features\loop@mozilla.org.xpi
1530165508838	addons.xpi	DEBUG	Loading bootstrap scope from C:\Program Files (x86)\Mozilla Firefox\browser\features\loop@mozilla.org.xpi
1530165508850	addons.xpi	DEBUG	Calling bootstrap method startup on loop@mozilla.org version 1.3.2
1530165508877	addons.xpi	DEBUG	Registering manifest for C:\Program Files (x86)\Mozilla Firefox\browser\features\websensehelper@mozilla.org.xpi
1530165508877	addons.xpi	DEBUG	Loading bootstrap scope from C:\Program Files (x86)\Mozilla Firefox\browser\features\websensehelper@mozilla.org.xpi
1530165508882	addons.xpi	DEBUG	Calling bootstrap method startup on websensehelper@mozilla.org version 1.0
1530165508886	addons.manager	DEBUG	Registering shutdown blocker for XPIProvider
1530165508886	addons.manager	DEBUG	Provider finished startup: XPIProvider
1530165508886	addons.manager	DEBUG	Starting provider: LightweightThemeManager
1530165508886	addons.manager	DEBUG	Registering shutdown blocker for LightweightThemeManager
1530165508887	addons.manager	DEBUG	Provider finished startup: LightweightThemeManager
1530165508888	addons.manager	DEBUG	Starting provider: GMPProvider
1530165508897	addons.manager	DEBUG	Registering shutdown blocker for GMPProvider
1530165508897	addons.manager	DEBUG	Provider finished startup: GMPProvider
1530165508897	addons.manager	DEBUG	Starting provider: PluginProvider
1530165508898	addons.manager	DEBUG	Registering shutdown blocker for PluginProvider
1530165508898	addons.manager	DEBUG	Provider finished startup: PluginProvider
1530165508898	addons.manager	DEBUG	Completed startup sequence
1530165509223	addons.xpi-utils	DEBUG	Async JSON file read took 0 MS
1530165509223	addons.xpi-utils	DEBUG	Finished async read of XPI database, parsing...
1530165509226	addons.xpi-utils	DEBUG	Successfully read XPI database
1530165509242	addons.manager	DEBUG	Starting provider: &amp;lt;unnamed-provider&amp;gt;
1530165509242	addons.manager	DEBUG	Registering shutdown blocker for &amp;lt;unnamed-provider&amp;gt;
1530165509242	addons.manager	DEBUG	Provider finished startup: &amp;lt;unnamed-provider&amp;gt;
*** Blocklist::_loadBlocklistFromFile: blocklist is disabled
1530165509394	addons.manager	DEBUG	Starting provider: PreviousExperimentProvider
1530165509395	addons.manager	DEBUG	Registering shutdown blocker for PreviousExperimentProvider
1530165509395	addons.manager	DEBUG	Provider finished startup: PreviousExperimentProvider
1530165537614	addons.xpi	DEBUG	Calling bootstrap method shutdown on e10srollout@mozilla.org version 1.0
1530165537616	addons.xpi	DEBUG	Calling bootstrap method shutdown on firefox@getpocket.com version 1.0.2
1530165537616	addons.xpi	DEBUG	Calling bootstrap method shutdown on loop@mozilla.org version 1.3.2
1530165537619	addons.xpi	DEBUG	Calling bootstrap method shutdown on websensehelper@mozilla.org version 1.0
1530165537808	addons.manager	DEBUG	shutdown
1530165537808	addons.manager	DEBUG	Calling shutdown blocker for XPIProvider
1530165537809	addons.xpi	DEBUG	shutdown
1530165537809	addons.xpi-utils	DEBUG	shutdown
1530165537810	addons.manager	DEBUG	Calling shutdown blocker for LightweightThemeManager
1530165537810	addons.manager	DEBUG	Calling shutdown blocker for GMPProvider
1530165537813	addons.manager	DEBUG	Calling shutdown blocker for PluginProvider
1530165537814	addons.manager	DEBUG	Calling shutdown blocker for &amp;lt;unnamed-provider&amp;gt;
1530165537817	addons.manager	DEBUG	Calling shutdown blocker for PreviousExperimentProvider
1530165537820	addons.xpi	DEBUG	Notifying XPI shutdown observers
1530165537826	addons.manager	DEBUG	Async provider shutdown done

Build info: version: &amp;apos;2.45.0&amp;apos;, revision: &amp;apos;32a636c&amp;apos;, time: &amp;apos;2015-03-05 22:01:35&amp;apos;
System info: host: &amp;apos;bhaskar-itwine-PC&amp;apos;, ip: &amp;apos;192.168.0.103&amp;apos;, os.name: &amp;apos;Windows 7&amp;apos;, os.arch: &amp;apos;amd64&amp;apos;, os.version: &amp;apos;6.1&amp;apos;, java.version: &amp;apos;1.8.0_171&amp;apos;
Driver info: driver.version: FirefoxDriver">
      <![CDATA[org.openqa.selenium.WebDriverException: Failed to connect to binary FirefoxBinary(C:\Program Files (x86)\Mozilla Firefox\firefox.exe) on port 7055; process output follows: 
65508814addons.xpiDEBUGLoading bootstrap scope from C:\Program Files (x86)\Mozilla Firefox\browser\features\firefox@getpocket.com.xpi
1530165508823addons.xpiDEBUGCalling bootstrap method startup on firefox@getpocket.com version 1.0.2
1530165508836addons.xpi-utilsDEBUGStarting async load of XPI database C:\Users\ITWINE~1\AppData\Local\Temp\anonymous7498131259743372708webdriver-profile\extensions.json
1530165508837addons.xpiDEBUGRegistering manifest for C:\Program Files (x86)\Mozilla Firefox\browser\features\loop@mozilla.org.xpi
1530165508838addons.xpiDEBUGLoading bootstrap scope from C:\Program Files (x86)\Mozilla Firefox\browser\features\loop@mozilla.org.xpi
1530165508850addons.xpiDEBUGCalling bootstrap method startup on loop@mozilla.org version 1.3.2
1530165508877addons.xpiDEBUGRegistering manifest for C:\Program Files (x86)\Mozilla Firefox\browser\features\websensehelper@mozilla.org.xpi
1530165508877addons.xpiDEBUGLoading bootstrap scope from C:\Program Files (x86)\Mozilla Firefox\browser\features\websensehelper@mozilla.org.xpi
1530165508882addons.xpiDEBUGCalling bootstrap method startup on websensehelper@mozilla.org version 1.0
1530165508886addons.managerDEBUGRegistering shutdown blocker for XPIProvider
1530165508886addons.managerDEBUGProvider finished startup: XPIProvider
1530165508886addons.managerDEBUGStarting provider: LightweightThemeManager
1530165508886addons.managerDEBUGRegistering shutdown blocker for LightweightThemeManager
1530165508887addons.managerDEBUGProvider finished startup: LightweightThemeManager
1530165508888addons.managerDEBUGStarting provider: GMPProvider
1530165508897addons.managerDEBUGRegistering shutdown blocker for GMPProvider
1530165508897addons.managerDEBUGProvider finished startup: GMPProvider
1530165508897addons.managerDEBUGStarting provider: PluginProvider
1530165508898addons.managerDEBUGRegistering shutdown blocker for PluginProvider
1530165508898addons.managerDEBUGProvider finished startup: PluginProvider
1530165508898addons.managerDEBUGCompleted startup sequence
1530165509223addons.xpi-utilsDEBUGAsync JSON file read took 0 MS
1530165509223addons.xpi-utilsDEBUGFinished async read of XPI database, parsing...
1530165509226addons.xpi-utilsDEBUGSuccessfully read XPI database
1530165509242addons.managerDEBUGStarting provider: <unnamed-provider>
1530165509242addons.managerDEBUGRegistering shutdown blocker for <unnamed-provider>
1530165509242addons.managerDEBUGProvider finished startup: <unnamed-provider>
*** Blocklist::_loadBlocklistFromFile: blocklist is disabled
1530165509394addons.managerDEBUGStarting provider: PreviousExperimentProvider
1530165509395addons.managerDEBUGRegistering shutdown blocker for PreviousExperimentProvider
1530165509395addons.managerDEBUGProvider finished startup: PreviousExperimentProvider
1530165537614addons.xpiDEBUGCalling bootstrap method shutdown on e10srollout@mozilla.org version 1.0
1530165537616addons.xpiDEBUGCalling bootstrap method shutdown on firefox@getpocket.com version 1.0.2
1530165537616addons.xpiDEBUGCalling bootstrap method shutdown on loop@mozilla.org version 1.3.2
1530165537619addons.xpiDEBUGCalling bootstrap method shutdown on websensehelper@mozilla.org version 1.0
1530165537808addons.managerDEBUGshutdown
1530165537808addons.managerDEBUGCalling shutdown blocker for XPIProvider
1530165537809addons.xpiDEBUGshutdown
1530165537809addons.xpi-utilsDEBUGshutdown
1530165537810addons.managerDEBUGCalling shutdown blocker for LightweightThemeManager
1530165537810addons.managerDEBUGCalling shutdown blocker for GMPProvider
1530165537813addons.managerDEBUGCalling shutdown blocker for PluginProvider
1530165537814addons.managerDEBUGCalling shutdown blocker for <unnamed-provider>
1530165537817addons.managerDEBUGCalling shutdown blocker for PreviousExperimentProvider
1530165537820addons.xpiDEBUGNotifying XPI shutdown observers
1530165537826addons.managerDEBUGAsync provider shutdown done

Build info: version: '2.45.0', revision: '32a636c', time: '2015-03-05 22:01:35'
System info: host: 'bhaskar-itwine-PC', ip: '192.168.0.103', os.name: 'Windows 7', os.arch: 'amd64', os.version: '6.1', java.version: '1.8.0_171'
Driver info: driver.version: FirefoxDriver
at org.openqa.selenium.firefox.internal.NewProfileExtensionConnection.start(NewProfileExtensionConnection.java:130)
at org.openqa.selenium.firefox.FirefoxDriver.startClient(FirefoxDriver.java:246)
at org.openqa.selenium.remote.RemoteWebDriver.<init>(RemoteWebDriver.java:114)
at org.openqa.selenium.firefox.FirefoxDriver.<init>(FirefoxDriver.java:193)
at org.openqa.selenium.firefox.FirefoxDriver.<init>(FirefoxDriver.java:186)
at org.openqa.selenium.firefox.FirefoxDriver.<init>(FirefoxDriver.java:182)
at org.openqa.selenium.firefox.FirefoxDriver.<init>(FirefoxDriver.java:95)
at maven.yes2treatment.Y2T(yes2treatment.java:17)
at sun.reflect.NativeMethodAccessorImpl.invoke0(Native Method)
at sun.reflect.NativeMethodAccessorImpl.invoke(Unknown Source)
at sun.reflect.DelegatingMethodAccessorImpl.invoke(Unknown Source)
at java.lang.reflect.Method.invoke(Unknown Source)
at org.testng.internal.MethodInvocationHelper.invokeMethod(MethodInvocationHelper.java:124)
at org.testng.internal.Invoker.invokeMethod(Invoker.java:580)
at org.testng.internal.Invoker.invokeTestMethod(Invoker.java:716)
at org.testng.internal.Invoker.invokeTestMethods(Invoker.java:988)
at org.testng.internal.TestMethodWorker.invokeTestMethods(TestMethodWorker.java:125)
at org.testng.internal.TestMethodWorker.run(TestMethodWorker.java:109)
at org.testng.TestRunner.privateRun(TestRunner.java:648)
at org.testng.TestRunner.run(TestRunner.java:505)
at org.testng.SuiteRunner.runTest(SuiteRunner.java:455)
at org.testng.SuiteRunner.runSequentially(SuiteRunner.java:450)
at org.testng.SuiteRunner.privateRun(SuiteRunner.java:415)
at org.testng.SuiteRunner.run(SuiteRunner.java:364)
at org.testng.SuiteRunnerWorker.runSuite(SuiteRunnerWorker.java:52)
at org.testng.SuiteRunnerWorker.run(SuiteRunnerWorker.java:84)
at org.testng.TestNG.runSuitesSequentially(TestNG.java:1208)
at org.testng.TestNG.runSuitesLocally(TestNG.java:1137)
at org.testng.TestNG.runSuites(TestNG.java:1049)
at org.testng.TestNG.run(TestNG.java:1017)
at org.testng.remote.AbstractRemoteTestNG.run(AbstractRemoteTestNG.java:114)
at org.testng.remote.RemoteTestNG.initAndRun(RemoteTestNG.java:251)
at org.testng.remote.RemoteTestNG.main(RemoteTestNG.java:77)
Caused by: org.openqa.selenium.firefox.NotConnectedException: Unable to connect to host 127.0.0.1 on port 7055 after 45000 ms. Firefox console output:
65508814addons.xpiDEBUGLoading bootstrap scope from C:\Program Files (x86)\Mozilla Firefox\browser\features\firefox@getpocket.com.xpi
1530165508823addons.xpiDEBUGCalling bootstrap method startup on firefox@getpocket.com version 1.0.2
1530165508836addons.xpi-utilsDEBUGStarting async load of XPI database C:\Users\ITWINE~1\AppData\Local\Temp\anonymous7498131259743372708webdriver-profile\extensions.json
1530165508837addons.xpiDEBUGRegistering manifest for C:\Program Files (x86)\Mozilla Firefox\browser\features\loop@mozilla.org.xpi
1530165508838addons.xpiDEBUGLoading bootstrap scope from C:\Program Files (x86)\Mozilla Firefox\browser\features\loop@mozilla.org.xpi
1530165508850addons.xpiDEBUGCalling bootstrap method startup on loop@mozilla.org version 1.3.2
1530165508877addons.xpiDEBUGRegistering manifest for C:\Program Files (x86)\Mozilla Firefox\browser\features\websensehelper@mozilla.org.xpi
1530165508877addons.xpiDEBUGLoading bootstrap scope from C:\Program Files (x86)\Mozilla Firefox\browser\features\websensehelper@mozilla.org.xpi
1530165508882addons.xpiDEBUGCalling bootstrap method startup on websensehelper@mozilla.org version 1.0
1530165508886addons.managerDEBUGRegistering shutdown blocker for XPIProvider
1530165508886addons.managerDEBUGProvider finished startup: XPIProvider
1530165508886addons.managerDEBUGStarting provider: LightweightThemeManager
1530165508886addons.managerDEBUGRegistering shutdown blocker for LightweightThemeManager
1530165508887addons.managerDEBUGProvider finished startup: LightweightThemeManager
1530165508888addons.managerDEBUGStarting provider: GMPProvider
1530165508897addons.managerDEBUGRegistering shutdown blocker for GMPProvider
1530165508897addons.managerDEBUGProvider finished startup: GMPProvider
1530165508897addons.managerDEBUGStarting provider: PluginProvider
1530165508898addons.managerDEBUGRegistering shutdown blocker for PluginProvider
1530165508898addons.managerDEBUGProvider finished startup: PluginProvider
1530165508898addons.managerDEBUGCompleted startup sequence
1530165509223addons.xpi-utilsDEBUGAsync JSON file read took 0 MS
1530165509223addons.xpi-utilsDEBUGFinished async read of XPI database, parsing...
1530165509226addons.xpi-utilsDEBUGSuccessfully read XPI database
1530165509242addons.managerDEBUGStarting provider: <unnamed-provider>
1530165509242addons.managerDEBUGRegistering shutdown blocker for <unnamed-provider>
1530165509242addons.managerDEBUGProvider finished startup: <unnamed-provider>
*** Blocklist::_loadBlocklistFromFile: blocklist is disabled
1530165509394addons.managerDEBUGStarting provider: PreviousExperimentProvider
1530165509395addons.managerDEBUGRegistering shutdown blocker for PreviousExperimentProvider
1530165509395addons.managerDEBUGProvider finished startup: PreviousExperimentProvider
1530165537614addons.xpiDEBUGCalling bootstrap method shutdown on e10srollout@mozilla.org version 1.0
1530165537616addons.xpiDEBUGCalling bootstrap method shutdown on firefox@getpocket.com version 1.0.2
1530165537616addons.xpiDEBUGCalling bootstrap method shutdown on loop@mozilla.org version 1.3.2
1530165537619addons.xpiDEBUGCalling bootstrap method shutdown on websensehelper@mozilla.org version 1.0
1530165537808addons.managerDEBUGshutdown
1530165537808addons.managerDEBUGCalling shutdown blocker for XPIProvider
1530165537809addons.xpiDEBUGshutdown
1530165537809addons.xpi-utilsDEBUGshutdown
1530165537810addons.managerDEBUGCalling shutdown blocker for LightweightThemeManager
1530165537810addons.managerDEBUGCalling shutdown blocker for GMPProvider
1530165537813addons.managerDEBUGCalling shutdown blocker for PluginProvider
1530165537814addons.managerDEBUGCalling shutdown blocker for <unnamed-provider>
1530165537817addons.managerDEBUGCalling shutdown blocker for PreviousExperimentProvider
1530165537820addons.xpiDEBUGNotifying XPI shutdown observers
1530165537826addons.managerDEBUGAsync provider shutdown done

at org.openqa.selenium.firefox.internal.NewProfileExtensionConnection.start(NewProfileExtensionConnection.java:118)
... 32 more
]]>
    </failure>
  </testcase> <!-- Y2T -->
</testsuite> <!-- Default test -->
